d:\university\term_5\kursovaya\spaceinvaders\x64\debug\vc143.pdb
d:\university\term_5\kursovaya\spaceinvaders\x64\debug\vc143.idb
d:\university\term_5\kursovaya\spaceinvaders\x64\debug\scencerender.obj
d:\university\term_5\kursovaya\spaceinvaders\x64\debug\scence.obj
d:\university\term_5\kursovaya\spaceinvaders\x64\debug\playershipfactory.obj
d:\university\term_5\kursovaya\spaceinvaders\x64\debug\playership.obj
d:\university\term_5\kursovaya\spaceinvaders\x64\debug\playergunfactory.obj
d:\university\term_5\kursovaya\spaceinvaders\x64\debug\playergun.obj
d:\university\term_5\kursovaya\spaceinvaders\x64\debug\groundobject.obj
d:\university\term_5\kursovaya\spaceinvaders\x64\debug\groundfactory.obj
d:\university\term_5\kursovaya\spaceinvaders\x64\debug\gameobjectplace.obj
d:\university\term_5\kursovaya\spaceinvaders\x64\debug\gameobjectfactory.obj
d:\university\term_5\kursovaya\spaceinvaders\x64\debug\gameobject.obj
d:\university\term_5\kursovaya\spaceinvaders\x64\debug\alienshipfactory.obj
d:\university\term_5\kursovaya\spaceinvaders\x64\debug\alienship.obj
d:\university\term_5\kursovaya\spaceinvaders\x64\debug\gamesettings.obj
d:\university\term_5\kursovaya\spaceinvaders\x64\debug\spaceinvaders.obj
d:\university\term_5\kursovaya\spaceinvaders\x64\debug\aliengun.obj
d:\university\term_5\kursovaya\spaceinvaders\x64\debug\spaceinvaders.res
d:\university\term_5\kursovaya\spaceinvaders\x64\debug\spaceinvaders.ilk
d:\university\term_5\kursovaya\spaceinvaders\x64\debug\spaceinvaders.pdb
d:\university\term_5\kursovaya\spaceinvaders\x64\debug\spaceinvaders.exe
d:\university\term_5\kursovaya\spaceinvaders\x64\debug\spaceinvaders.tlog\cl.command.1.tlog
d:\university\term_5\kursovaya\spaceinvaders\x64\debug\spaceinvaders.tlog\cl.read.1.tlog
d:\university\term_5\kursovaya\spaceinvaders\x64\debug\spaceinvaders.tlog\cl.write.1.tlog
d:\university\term_5\kursovaya\spaceinvaders\x64\debug\spaceinvaders.tlog\link.command.1.tlog
d:\university\term_5\kursovaya\spaceinvaders\x64\debug\spaceinvaders.tlog\link.read.1.tlog
d:\university\term_5\kursovaya\spaceinvaders\x64\debug\spaceinvaders.tlog\link.write.1.tlog
d:\university\term_5\kursovaya\spaceinvaders\x64\debug\spaceinvaders.tlog\rc.command.1.tlog
d:\university\term_5\kursovaya\spaceinvaders\x64\debug\spaceinvaders.tlog\rc.read.1.tlog
d:\university\term_5\kursovaya\spaceinvaders\x64\debug\spaceinvaders.tlog\rc.write.1.tlog
